2026-03-10 17:12:34.976 DEBUG [] org.hibernate.SQL - 
    alter table customers 
       alter column phone_number varchar(15)
2026-03-10 17:18:27.207 DEBUG [182f9005-5719-4aa7-9f4f-2072c4aaf266] org.hibernate.SQL - 
    select
        top (?) u1_0.user_id 
    from
        users u1_0 
    where
        u1_0.username=?
2026-03-10 17:18:59.317 DEBUG [afbdc9ba-1bcd-47f2-a759-c9a6d72d9c32] org.hibernate.SQL - 
    select
        top (?) u1_0.user_id 
    from
        users u1_0 
    where
        u1_0.username=?
2026-03-10 17:18:59.324 DEBUG [afbdc9ba-1bcd-47f2-a759-c9a6d72d9c32] org.hibernate.SQL - 
    select
        top (?) u1_0.user_id 
    from
        users u1_0 
    where
        u1_0.email=?
2026-03-10 17:18:59.545 DEBUG [afbdc9ba-1bcd-47f2-a759-c9a6d72d9c32] org.hibernate.SQL - 
    insert 
    into
        users
        (created_at, email, enabled, password, role, updated_at, username) 
    values
        (?, ?, ?, ?, ?, ?, ?)
2026-03-10 17:19:14.050 DEBUG [b497607e-dcf3-4d60-80fa-c18d299e9b7f] org.hibernate.SQL - 
    select
        u1_0.user_id,
        u1_0.created_at,
        u1_0.email,
        u1_0.enabled,
        u1_0.password,
        u1_0.role,
        u1_0.updated_at,
        u1_0.username 
    from
        users u1_0 
    where
        u1_0.username=?
2026-03-10 17:19:14.167 DEBUG [b497607e-dcf3-4d60-80fa-c18d299e9b7f] org.hibernate.SQL - 
    select
        u1_0.user_id,
        u1_0.created_at,
        u1_0.email,
        u1_0.enabled,
        u1_0.password,
        u1_0.role,
        u1_0.updated_at,
        u1_0.username 
    from
        users u1_0 
    where
        u1_0.username=?
